# JRE version: OpenJDK Runtime Environment (11.0.15) (build 11.0.15+0-b2043.56-8887301)
# Java VM: OpenJDK 64-Bit Server VM (11.0.15+0-b2043.56-8887301, mixed mode, tiered, compressed oops, g1 gc, windows-amd64)
Heap:
 garbage-first heap   total 328704K, used 180936K [0x0000000080000000, 0x0000000100000000)
  region size 1024K, 7 young (7168K), 7 survivors (7168K)
 Metaspace       used 133088K, capacity 137764K, committed 138036K, reserved 1169408K
  class space    used 16788K, capacity 18589K, committed 18688K, reserved 1048576K
GC Heap History (20 events):
Event: 523.958 GC heap after
{Heap after GC invocations=40 (full 0):
 garbage-first heap   total 262144K, used 134239K [0x0000000080000000, 0x0000000100000000)
  region size 1024K, 5 young (5120K), 5 survivors (5120K)
 Metaspace       used 126270K, capacity 130677K, committed 130996K, reserved 1163264K
  class space    used 16187K, capacity 17922K, committed 18048K, reserved 1048576K
}
Event: 524.242 GC heap before
{Heap before GC invocations=41 (full 0):
 garbage-first heap   total 262144K, used 204895K [0x0000000080000000, 0x0000000100000000)
  region size 1024K, 60 young (61440K), 5 survivors (5120K)
 Metaspace       used 129673K, capacity 134173K, committed 134324K, reserved 1165312K
  class space    used 16472K, capacity 18236K, committed 18304K, reserved 1048576K
}
Event: 524.247 GC heap after
{Heap after GC invocations=42 (full 0):
 garbage-first heap   total 262144K, used 137358K [0x0000000080000000, 0x0000000100000000)
  region size 1024K, 8 young (8192K), 8 survivors (8192K)
 Metaspace       used 129673K, capacity 134173K, committed 134324K, reserved 1165312K
  class space    used 16472K, capacity 18236K, committed 18304K, reserved 1048576K
}
Event: 524.259 GC heap before
{Heap before GC invocations=42 (full 0):
 garbage-first heap   total 262144K, used 140430K [0x0000000080000000, 0x0000000100000000)
  region size 1024K, 12 young (12288K), 8 survivors (8192K)
 Metaspace       used 129678K, capacity 134237K, committed 134324K, reserved 1165312K
  class space    used 16472K, capacity 18236K, committed 18304K, reserved 1048576K
}
Event: 524.262 GC heap after
{Heap after GC invocations=43 (full 0):
 garbage-first heap   total 262144K, used 135990K [0x0000000080000000, 0x0000000100000000)
  region size 1024K, 1 young (1024K), 1 survivors (1024K)
 Metaspace       used 129678K, capacity 134237K, committed 134324K, reserved 1165312K
  class space    used 16472K, capacity 18236K, committed 18304K, reserved 1048576K
}
Event: 524.451 GC heap before
{Heap before GC invocations=43 (full 0):
 garbage-first heap   total 262144K, used 194358K [0x0000000080000000, 0x0000000100000000)
  region size 1024K, 59 young (60416K), 1 survivors (1024K)
 Metaspace       used 130731K, capacity 135313K, committed 135476K, reserved 1167360K
  class space    used 16553K, capacity 18314K, committed 18432K, reserved 1048576K
}
Event: 524.457 GC heap after
{Heap after GC invocations=44 (full 0):
 garbage-first heap   total 262144K, used 141110K [0x0000000080000000, 0x0000000100000000)
  region size 1024K, 6 young (6144K), 6 survivors (6144K)
 Metaspace       used 130731K, capacity 135313K, committed 135476K, reserved 1167360K
  class space    used 16553K, capacity 18314K, committed 18432K, reserved 1048576K
}
Event: 524.776 GC heap before
{Heap before GC invocations=45 (full 0):
 garbage-first heap   total 262144K, used 187189K [0x0000000080000000, 0x0000000100000000)
  region size 1024K, 64 young (65536K), 6 survivors (6144K)
 Metaspace       used 131725K, capacity 136295K, committed 136628K, reserved 1167360K
  class space    used 16670K, capacity 18442K, committed 18560K, reserved 1048576K
}
Event: 524.781 GC heap after
{Heap after GC invocations=46 (full 0):
 garbage-first heap   total 262144K, used 128393K [0x0000000080000000, 0x0000000100000000)
  region size 1024K, 3 young (3072K), 3 survivors (3072K)
 Metaspace       used 131725K, capacity 136295K, committed 136628K, reserved 1167360K
  class space    used 16670K, capacity 18442K, committed 18560K, reserved 1048576K
}
Event: 524.868 GC heap before
{Heap before GC invocations=46 (full 0):
 garbage-first heap   total 262144K, used 136585K [0x0000000080000000, 0x0000000100000000)
  region size 1024K, 12 young (12288K), 3 survivors (3072K)
 Metaspace       used 132124K, capacity 136667K, committed 136884K, reserved 1167360K
  class space    used 16713K, capacity 18480K, committed 18560K, reserved 1048576K
}
Event: 524.872 GC heap after
{Heap after GC invocations=47 (full 0):
 garbage-first heap   total 262144K, used 115256K [0x0000000080000000, 0x0000000100000000)
  region size 1024K, 1 young (1024K), 1 survivors (1024K)
 Metaspace       used 132124K, capacity 136667K, committed 136884K, reserved 1167360K
  class space    used 16713K, capacity 18480K, committed 18560K, reserved 1048576K
}
Event: 525.129 GC heap before
{Heap before GC invocations=47 (full 0):
 garbage-first heap   total 262144K, used 180792K [0x0000000080000000, 0x0000000100000000)
  region size 1024K, 67 young (68608K), 1 survivors (1024K)
 Metaspace       used 132528K, capacity 137143K, committed 137396K, reserved 1169408K
  class space    used 16766K, capacity 18551K, committed 18560K, reserved 1048576K
}
Event: 525.134 GC heap after
{Heap after GC invocations=48 (full 0):
 garbage-first heap   total 262144K, used 121857K [0x0000000080000000, 0x0000000100000000)
  region size 1024K, 8 young (8192K), 8 survivors (8192K)
 Metaspace       used 132528K, capacity 137143K, committed 137396K, reserved 1169408K
  class space    used 16766K, capacity 18551K, committed 18560K, reserved 1048576K
}
Event: 525.921 GC heap before
{Heap before GC invocations=49 (full 0):
 garbage-first heap   total 262144K, used 231425K [0x0000000080000000, 0x0000000100000000)
  region size 1024K, 79 young (80896K), 8 survivors (8192K)
 Metaspace       used 132714K, capacity 137322K, committed 137524K, reserved 1169408K
  class space    used 16781K, capacity 18564K, committed 18688K, reserved 1048576K
}
Event: 525.933 GC heap after
{Heap after GC invocations=50 (full 0):
 garbage-first heap   total 262144K, used 159025K [0x0000000080000000, 0x0000000100000000)
  region size 1024K, 10 young (10240K), 10 survivors (10240K)
 Metaspace       used 132714K, capacity 137322K, committed 137524K, reserved 1169408K
  class space    used 16781K, capacity 18564K, committed 18688K, reserved 1048576K
}
Event: 525.943 GC heap before
{Heap before GC invocations=50 (full 0):
 garbage-first heap   total 262144K, used 161073K [0x0000000080000000, 0x0000000100000000)
  region size 1024K, 12 young (12288K), 10 survivors (10240K)
 Metaspace       used 132714K, capacity 137322K, committed 137524K, reserved 1169408K
  class space    used 16781K, capacity 18564K, committed 18688K, reserved 1048576K
}
Event: 525.957 GC heap after
{Heap after GC invocations=51 (full 0):
 garbage-first heap   total 262144K, used 152115K [0x0000000080000000, 0x0000000100000000)
  region size 1024K, 2 young (2048K), 2 survivors (2048K)
 Metaspace       used 132714K, capacity 137322K, committed 137524K, reserved 1169408K
  class space    used 16781K, capacity 18564K, committed 18688K, reserved 1048576K
}
Event: 525.965 GC heap before
{Heap before GC invocations=51 (full 0):
 garbage-first heap   total 262144K, used 154163K [0x0000000080000000, 0x0000000100000000)
  region size 1024K, 5 young (5120K), 2 survivors (2048K)
 Metaspace       used 132714K, capacity 137322K, committed 137524K, reserved 1169408K
  class space    used 16781K, capacity 18564K, committed 18688K, reserved 1048576K
}
Event: 525.970 GC heap after
{Heap after GC invocations=52 (full 0):
 garbage-first heap   total 262144K, used 152921K [0x0000000080000000, 0x0000000100000000)
  region size 1024K, 2 young (2048K), 2 survivors (2048K)
 Metaspace       used 132714K, capacity 137322K, committed 137524K, reserved 1169408K
  class space    used 16781K, capacity 18564K, committed 18688K, reserved 1048576K
}
Event: 526.201 GC heap before
{Heap before GC invocations=53 (full 0):
 garbage-first heap   total 262144K, used 208217K [0x0000000080000000, 0x0000000100000000)
  region size 1024K, 55 young (56320K), 2 survivors (2048K)
 Metaspace       used 133088K, capacity 137764K, committed 138036K, reserved 1169408K
  class space    used 16788K, capacity 18589K, committed 18688K, reserved 1048576K
}

