# JRE version: OpenJDK Runtime Environment (11.0.15) (build 11.0.15+0-b2043.56-8887301)
# Java VM: OpenJDK 64-Bit Server VM (11.0.15+0-b2043.56-8887301, mixed mode, tiered, compressed oops, g1 gc, windows-amd64)
Heap:
 garbage-first heap   total 269312K, used 191488K [0x0000000080000000, 0x0000000100000000)
  region size 1024K, 17 young (17408K), 7 survivors (7168K)
 Metaspace       used 100240K, capacity 102997K, committed 103452K, reserved 1138688K
  class space    used 13213K, capacity 14287K, committed 14444K, reserved 1048576K
GC Heap History (20 events):
Event: 3.955 GC heap before
{Heap before GC invocations=7 (full 0):
 garbage-first heap   total 262144K, used 175636K [0x0000000080000000, 0x0000000100000000)
  region size 1024K, 153 young (156672K), 13 survivors (13312K)
 Metaspace       used 55946K, capacity 57410K, committed 57520K, reserved 1099776K
  class space    used 7058K, capacity 7622K, committed 7680K, reserved 1048576K
}
Event: 3.964 GC heap after
{Heap after GC invocations=8 (full 0):
 garbage-first heap   total 262144K, used 41738K [0x0000000080000000, 0x0000000100000000)
  region size 1024K, 18 young (18432K), 18 survivors (18432K)
 Metaspace       used 55946K, capacity 57410K, committed 57520K, reserved 1099776K
  class space    used 7058K, capacity 7622K, committed 7680K, reserved 1048576K
}
Event: 4.117 GC heap before
{Heap before GC invocations=8 (full 0):
 garbage-first heap   total 262144K, used 55050K [0x0000000080000000, 0x0000000100000000)
  region size 1024K, 32 young (32768K), 18 survivors (18432K)
 Metaspace       used 58045K, capacity 59605K, committed 59696K, reserved 1101824K
  class space    used 7368K, capacity 7999K, committed 8064K, reserved 1048576K
}
Event: 4.128 GC heap after
{Heap after GC invocations=9 (full 0):
 garbage-first heap   total 262144K, used 42105K [0x0000000080000000, 0x0000000100000000)
  region size 1024K, 11 young (11264K), 11 survivors (11264K)
 Metaspace       used 58045K, capacity 59605K, committed 59696K, reserved 1101824K
  class space    used 7368K, capacity 7999K, committed 8064K, reserved 1048576K
}
Event: 5.085 GC heap before
{Heap before GC invocations=10 (full 0):
 garbage-first heap   total 262144K, used 194681K [0x0000000080000000, 0x0000000100000000)
  region size 1024K, 153 young (156672K), 11 survivors (11264K)
 Metaspace       used 67269K, capacity 69001K, committed 69168K, reserved 1110016K
  class space    used 8588K, capacity 9296K, committed 9344K, reserved 1048576K
}
Event: 5.094 GC heap after
{Heap after GC invocations=11 (full 0):
 garbage-first heap   total 262144K, used 52224K [0x0000000080000000, 0x0000000100000000)
  region size 1024K, 20 young (20480K), 20 survivors (20480K)
 Metaspace       used 67269K, capacity 69001K, committed 69168K, reserved 1110016K
  class space    used 8588K, capacity 9296K, committed 9344K, reserved 1048576K
}
Event: 6.196 GC heap before
{Heap before GC invocations=11 (full 0):
 garbage-first heap   total 262144K, used 188416K [0x0000000080000000, 0x0000000100000000)
  region size 1024K, 153 young (156672K), 20 survivors (20480K)
 Metaspace       used 79897K, capacity 81915K, committed 82096K, reserved 1120256K
  class space    used 10462K, capacity 11230K, committed 11264K, reserved 1048576K
}
Event: 6.207 GC heap after
{Heap after GC invocations=12 (full 0):
 garbage-first heap   total 262144K, used 62040K [0x0000000080000000, 0x0000000100000000)
  region size 1024K, 10 young (10240K), 10 survivors (10240K)
 Metaspace       used 79897K, capacity 81915K, committed 82096K, reserved 1120256K
  class space    used 10462K, capacity 11230K, committed 11264K, reserved 1048576K
}
Event: 6.962 GC heap before
{Heap before GC invocations=12 (full 0):
 garbage-first heap   total 262144K, used 199256K [0x0000000080000000, 0x0000000100000000)
  region size 1024K, 145 young (148480K), 10 survivors (10240K)
 Metaspace       used 83139K, capacity 85610K, committed 85936K, reserved 1124352K
  class space    used 10983K, capacity 11915K, committed 12032K, reserved 1048576K
}
Event: 6.971 GC heap after
{Heap after GC invocations=13 (full 0):
 garbage-first heap   total 262144K, used 73728K [0x0000000080000000, 0x0000000100000000)
  region size 1024K, 19 young (19456K), 19 survivors (19456K)
 Metaspace       used 83139K, capacity 85610K, committed 85936K, reserved 1124352K
  class space    used 10983K, capacity 11915K, committed 12032K, reserved 1048576K
}
Event: 7.772 GC heap before
{Heap before GC invocations=13 (full 0):
 garbage-first heap   total 262144K, used 202752K [0x0000000080000000, 0x0000000100000000)
  region size 1024K, 146 young (149504K), 19 survivors (19456K)
 Metaspace       used 90965K, capacity 93548K, committed 93744K, reserved 1130496K
  class space    used 11875K, capacity 12885K, committed 12928K, reserved 1048576K
}
Event: 7.787 GC heap after
{Heap after GC invocations=14 (full 0):
 garbage-first heap   total 262144K, used 81853K [0x0000000080000000, 0x0000000100000000)
  region size 1024K, 8 young (8192K), 8 survivors (8192K)
 Metaspace       used 90965K, capacity 93548K, committed 93744K, reserved 1130496K
  class space    used 11875K, capacity 12885K, committed 12928K, reserved 1048576K
}
Event: 8.283 GC heap before
{Heap before GC invocations=14 (full 0):
 garbage-first heap   total 262144K, used 241597K [0x0000000080000000, 0x0000000100000000)
  region size 1024K, 130 young (133120K), 8 survivors (8192K)
 Metaspace       used 95621K, capacity 98424K, committed 98480K, reserved 1134592K
  class space    used 12467K, capacity 13547K, committed 13568K, reserved 1048576K
}
Event: 8.295 GC heap after
{Heap after GC invocations=15 (full 0):
 garbage-first heap   total 269312K, used 120622K [0x0000000080000000, 0x0000000100000000)
  region size 1024K, 17 young (17408K), 17 survivors (17408K)
 Metaspace       used 95621K, capacity 98424K, committed 98480K, reserved 1134592K
  class space    used 12467K, capacity 13547K, committed 13568K, reserved 1048576K
}
Event: 8.426 GC heap before
{Heap before GC invocations=15 (full 0):
 garbage-first heap   total 269312K, used 153390K [0x0000000080000000, 0x0000000100000000)
  region size 1024K, 49 young (50176K), 17 survivors (17408K)
 Metaspace       used 96927K, capacity 99763K, committed 99888K, reserved 1134592K
  class space    used 12741K, capacity 13853K, committed 13952K, reserved 1048576K
}
Event: 8.443 GC heap after
{Heap after GC invocations=16 (full 0):
 garbage-first heap   total 269312K, used 135168K [0x0000000080000000, 0x0000000100000000)
  region size 1024K, 12 young (12288K), 12 survivors (12288K)
 Metaspace       used 96927K, capacity 99763K, committed 99888K, reserved 1134592K
  class space    used 12741K, capacity 13853K, committed 13952K, reserved 1048576K
}
Event: 8.674 GC heap before
{Heap before GC invocations=17 (full 0):
 garbage-first heap   total 269312K, used 191488K [0x0000000080000000, 0x0000000100000000)
  region size 1024K, 68 young (69632K), 12 survivors (12288K)
 Metaspace       used 97892K, capacity 100555K, committed 101148K, reserved 1136640K
  class space    used 12892K, capacity 13947K, committed 14188K, reserved 1048576K
}
Event: 8.699 GC heap after
{Heap after GC invocations=18 (full 0):
 garbage-first heap   total 269312K, used 161792K [0x0000000080000000, 0x0000000100000000)
  region size 1024K, 9 young (9216K), 9 survivors (9216K)
 Metaspace       used 97892K, capacity 100555K, committed 101148K, reserved 1136640K
  class space    used 12892K, capacity 13947K, committed 14188K, reserved 1048576K
}
Event: 8.920 GC heap before
{Heap before GC invocations=19 (full 0):
 garbage-first heap   total 269312K, used 202752K [0x0000000080000000, 0x0000000100000000)
  region size 1024K, 50 young (51200K), 9 survivors (9216K)
 Metaspace       used 99027K, capacity 101835K, committed 102300K, reserved 1136640K
  class space    used 13070K, capacity 14159K, committed 14316K, reserved 1048576K
}
Event: 8.937 GC heap after
{Heap after GC invocations=20 (full 0):
 garbage-first heap   total 269312K, used 182272K [0x0000000080000000, 0x0000000100000000)
  region size 1024K, 7 young (7168K), 7 survivors (7168K)
 Metaspace       used 99027K, capacity 101835K, committed 102300K, reserved 1136640K
  class space    used 13070K, capacity 14159K, committed 14316K, reserved 1048576K
}

