# JRE version: OpenJDK Runtime Environment (11.0.15) (build 11.0.15+0-b2043.56-8887301)
# Java VM: OpenJDK 64-Bit Server VM (11.0.15+0-b2043.56-8887301, mixed mode, tiered, compressed oops, g1 gc, windows-amd64)
Heap:
 garbage-first heap   total 330752K, used 182868K [0x0000000080000000, 0x0000000100000000)
  region size 1024K, 6 young (6144K), 6 survivors (6144K)
 Metaspace       used 108355K, capacity 111197K, committed 111552K, reserved 1146880K
  class space    used 13887K, capacity 14999K, committed 15104K, reserved 1048576K
GC Heap History (20 events):
Event: 8.923 GC heap after
{Heap after GC invocations=14 (full 0):
 garbage-first heap   total 262144K, used 100339K [0x0000000080000000, 0x0000000100000000)
  region size 1024K, 17 young (17408K), 17 survivors (17408K)
 Metaspace       used 88933K, capacity 91566K, committed 91736K, reserved 1128448K
  class space    used 11550K, capacity 12560K, committed 12672K, reserved 1048576K
}
Event: 9.453 GC heap before
{Heap before GC invocations=14 (full 0):
 garbage-first heap   total 262144K, used 210931K [0x0000000080000000, 0x0000000100000000)
  region size 1024K, 111 young (113664K), 17 survivors (17408K)
 Metaspace       used 93208K, capacity 95937K, committed 96088K, reserved 1132544K
  class space    used 11890K, capacity 12923K, committed 12928K, reserved 1048576K
}
Event: 9.469 GC heap after
{Heap after GC invocations=15 (full 0):
 garbage-first heap   total 262144K, used 109568K [0x0000000080000000, 0x0000000100000000)
  region size 1024K, 10 young (10240K), 10 survivors (10240K)
 Metaspace       used 93208K, capacity 95937K, committed 96088K, reserved 1132544K
  class space    used 11890K, capacity 12923K, committed 12928K, reserved 1048576K
}
Event: 9.863 GC heap before
{Heap before GC invocations=15 (full 0):
 garbage-first heap   total 262144K, used 200704K [0x0000000080000000, 0x0000000100000000)
  region size 1024K, 100 young (102400K), 10 survivors (10240K)
 Metaspace       used 95165K, capacity 97847K, committed 98136K, reserved 1134592K
  class space    used 12099K, capacity 13119K, committed 13184K, reserved 1048576K
}
Event: 9.866 GC heap after
{Heap after GC invocations=16 (full 0):
 garbage-first heap   total 262144K, used 103705K [0x0000000080000000, 0x0000000100000000)
  region size 1024K, 3 young (3072K), 3 survivors (3072K)
 Metaspace       used 95165K, capacity 97847K, committed 98136K, reserved 1134592K
  class space    used 12099K, capacity 13119K, committed 13184K, reserved 1048576K
}
Event: 10.234 GC heap before
{Heap before GC invocations=16 (full 0):
 garbage-first heap   total 262144K, used 157977K [0x0000000080000000, 0x0000000100000000)
  region size 1024K, 58 young (59392K), 3 survivors (3072K)
 Metaspace       used 98206K, capacity 100903K, committed 101056K, reserved 1136640K
  class space    used 12478K, capacity 13516K, committed 13568K, reserved 1048576K
}
Event: 10.237 GC heap after
{Heap after GC invocations=17 (full 0):
 garbage-first heap   total 262144K, used 103671K [0x0000000080000000, 0x0000000100000000)
  region size 1024K, 3 young (3072K), 3 survivors (3072K)
 Metaspace       used 98206K, capacity 100903K, committed 101056K, reserved 1136640K
  class space    used 12478K, capacity 13516K, committed 13568K, reserved 1048576K
}
Event: 10.928 GC heap before
{Heap before GC invocations=18 (full 0):
 garbage-first heap   total 262144K, used 193783K [0x0000000080000000, 0x0000000100000000)
  region size 1024K, 103 young (105472K), 3 survivors (3072K)
 Metaspace       used 100763K, capacity 103412K, committed 103616K, reserved 1138688K
  class space    used 12722K, capacity 13744K, committed 13824K, reserved 1048576K
}
Event: 10.936 GC heap after
{Heap after GC invocations=19 (full 0):
 garbage-first heap   total 262144K, used 100173K [0x0000000080000000, 0x0000000100000000)
  region size 1024K, 11 young (11264K), 11 survivors (11264K)
 Metaspace       used 100763K, capacity 103412K, committed 103616K, reserved 1138688K
  class space    used 12722K, capacity 13744K, committed 13824K, reserved 1048576K
}
Event: 10.939 GC heap before
{Heap before GC invocations=19 (full 0):
 garbage-first heap   total 262144K, used 101197K [0x0000000080000000, 0x0000000100000000)
  region size 1024K, 12 young (12288K), 11 survivors (11264K)
 Metaspace       used 100763K, capacity 103412K, committed 103616K, reserved 1138688K
  class space    used 12722K, capacity 13744K, committed 13824K, reserved 1048576K
}
Event: 10.944 GC heap after
{Heap after GC invocations=20 (full 0):
 garbage-first heap   total 262144K, used 97134K [0x0000000080000000, 0x0000000100000000)
  region size 1024K, 2 young (2048K), 2 survivors (2048K)
 Metaspace       used 100763K, capacity 103412K, committed 103616K, reserved 1138688K
  class space    used 12722K, capacity 13744K, committed 13824K, reserved 1048576K
}
Event: 11.385 GC heap before
{Heap before GC invocations=20 (full 0):
 garbage-first heap   total 262144K, used 224110K [0x0000000080000000, 0x0000000100000000)
  region size 1024K, 106 young (108544K), 2 survivors (2048K)
 Metaspace       used 105138K, capacity 107956K, committed 108096K, reserved 1142784K
  class space    used 13314K, capacity 14372K, committed 14464K, reserved 1048576K
}
Event: 11.391 GC heap after
{Heap after GC invocations=21 (full 0):
 garbage-first heap   total 262144K, used 119742K [0x0000000080000000, 0x0000000100000000)
  region size 1024K, 10 young (10240K), 10 survivors (10240K)
 Metaspace       used 105138K, capacity 107956K, committed 108096K, reserved 1142784K
  class space    used 13314K, capacity 14372K, committed 14464K, reserved 1048576K
}
Event: 11.609 GC heap before
{Heap before GC invocations=22 (full 0):
 garbage-first heap   total 262144K, used 185278K [0x0000000080000000, 0x0000000100000000)
  region size 1024K, 60 young (61440K), 10 survivors (10240K)
 Metaspace       used 105454K, capacity 108296K, committed 108352K, reserved 1142784K
  class space    used 13360K, capacity 14440K, committed 14464K, reserved 1048576K
}
Event: 11.660 GC heap after
{Heap after GC invocations=23 (full 0):
 garbage-first heap   total 262144K, used 140003K [0x0000000080000000, 0x0000000100000000)
  region size 1024K, 13 young (13312K), 13 survivors (13312K)
 Metaspace       used 105454K, capacity 108296K, committed 108352K, reserved 1142784K
  class space    used 13360K, capacity 14440K, committed 14464K, reserved 1048576K
}
Event: 12.017 GC heap before
{Heap before GC invocations=24 (full 0):
 garbage-first heap   total 262144K, used 209635K [0x0000000080000000, 0x0000000100000000)
  region size 1024K, 80 young (81920K), 13 survivors (13312K)
 Metaspace       used 108038K, capacity 110955K, committed 111168K, reserved 1144832K
  class space    used 13862K, capacity 14965K, committed 14976K, reserved 1048576K
}
Event: 12.036 GC heap after
{Heap after GC invocations=25 (full 0):
 garbage-first heap   total 262144K, used 162247K [0x0000000080000000, 0x0000000100000000)
  region size 1024K, 10 young (10240K), 10 survivors (10240K)
 Metaspace       used 108038K, capacity 110955K, committed 111168K, reserved 1144832K
  class space    used 13862K, capacity 14965K, committed 14976K, reserved 1048576K
}
Event: 12.050 GC heap before
{Heap before GC invocations=25 (full 0):
 garbage-first heap   total 262144K, used 164295K [0x0000000080000000, 0x0000000100000000)
  region size 1024K, 12 young (12288K), 10 survivors (10240K)
 Metaspace       used 108069K, capacity 110955K, committed 111168K, reserved 1144832K
  class space    used 13862K, capacity 14965K, committed 14976K, reserved 1048576K
}
Event: 12.058 GC heap after
{Heap after GC invocations=26 (full 0):
 garbage-first heap   total 262144K, used 161325K [0x0000000080000000, 0x0000000100000000)
  region size 1024K, 2 young (2048K), 2 survivors (2048K)
 Metaspace       used 108069K, capacity 110955K, committed 111168K, reserved 1144832K
  class space    used 13862K, capacity 14965K, committed 14976K, reserved 1048576K
}
Event: 12.124 GC heap before
{Heap before GC invocations=26 (full 0):
 garbage-first heap   total 262144K, used 206381K [0x0000000080000000, 0x0000000100000000)
  region size 1024K, 46 young (47104K), 2 survivors (2048K)
 Metaspace       used 108355K, capacity 111197K, committed 111552K, reserved 1146880K
  class space    used 13887K, capacity 14999K, committed 15104K, reserved 1048576K
}

