# JRE version: OpenJDK Runtime Environment (11.0.15) (build 11.0.15+0-b2043.56-8887301)
# Java VM: OpenJDK 64-Bit Server VM (11.0.15+0-b2043.56-8887301, mixed mode, tiered, compressed oops, g1 gc, windows-amd64)
Heap:
 garbage-first heap   total 373760K, used 276829K [0x0000000080000000, 0x0000000100000000)
  region size 1024K, 65 young (66560K), 3 survivors (3072K)
 Metaspace       used 156456K, capacity 162603K, committed 164568K, reserved 1191936K
  class space    used 18897K, capacity 21125K, committed 21720K, reserved 1048576K
GC Heap History (20 events):
Event: 8372.032 GC heap before
{Heap before GC invocations=249 (full 0):
 garbage-first heap   total 373760K, used 229562K [0x0000000080000000, 0x0000000100000000)
  region size 1024K, 25 young (25600K), 2 survivors (2048K)
 Metaspace       used 156334K, capacity 162462K, committed 164312K, reserved 1191936K
  class space    used 18897K, capacity 21125K, committed 21720K, reserved 1048576K
}
Event: 8372.036 GC heap after
{Heap after GC invocations=250 (full 0):
 garbage-first heap   total 373760K, used 208074K [0x0000000080000000, 0x0000000100000000)
  region size 1024K, 2 young (2048K), 2 survivors (2048K)
 Metaspace       used 156334K, capacity 162462K, committed 164312K, reserved 1191936K
  class space    used 18897K, capacity 21125K, committed 21720K, reserved 1048576K
}
Event: 8415.920 GC heap before
{Heap before GC invocations=251 (full 0):
 garbage-first heap   total 373760K, used 320714K [0x0000000080000000, 0x0000000100000000)
  region size 1024K, 101 young (103424K), 2 survivors (2048K)
 Metaspace       used 156364K, capacity 162527K, committed 164568K, reserved 1191936K
  class space    used 18897K, capacity 21125K, committed 21720K, reserved 1048576K
}
Event: 8415.925 GC heap after
{Heap after GC invocations=252 (full 0):
 garbage-first heap   total 373760K, used 216761K [0x0000000080000000, 0x0000000100000000)
  region size 1024K, 8 young (8192K), 8 survivors (8192K)
 Metaspace       used 156364K, capacity 162527K, committed 164568K, reserved 1191936K
  class space    used 18897K, capacity 21125K, committed 21720K, reserved 1048576K
}
Event: 8415.955 GC heap before
{Heap before GC invocations=252 (full 0):
 garbage-first heap   total 373760K, used 227001K [0x0000000080000000, 0x0000000100000000)
  region size 1024K, 18 young (18432K), 8 survivors (8192K)
 Metaspace       used 156382K, capacity 162528K, committed 164568K, reserved 1191936K
  class space    used 18897K, capacity 21125K, committed 21720K, reserved 1048576K
}
Event: 8415.962 GC heap after
{Heap after GC invocations=253 (full 0):
 garbage-first heap   total 373760K, used 208758K [0x0000000080000000, 0x0000000100000000)
  region size 1024K, 1 young (1024K), 1 survivors (1024K)
 Metaspace       used 156382K, capacity 162528K, committed 164568K, reserved 1191936K
  class space    used 18897K, capacity 21125K, committed 21720K, reserved 1048576K
}
Event: 8416.081 GC heap before
{Heap before GC invocations=253 (full 0):
 garbage-first heap   total 373760K, used 227190K [0x0000000080000000, 0x0000000100000000)
  region size 1024K, 21 young (21504K), 1 survivors (1024K)
 Metaspace       used 156385K, capacity 162528K, committed 164568K, reserved 1191936K
  class space    used 18897K, capacity 21125K, committed 21720K, reserved 1048576K
}
Event: 8416.086 GC heap after
{Heap after GC invocations=254 (full 0):
 garbage-first heap   total 373760K, used 208535K [0x0000000080000000, 0x0000000100000000)
  region size 1024K, 1 young (1024K), 1 survivors (1024K)
 Metaspace       used 156385K, capacity 162528K, committed 164568K, reserved 1191936K
  class space    used 18897K, capacity 21125K, committed 21720K, reserved 1048576K
}
Event: 8443.688 GC heap before
{Heap before GC invocations=255 (full 0):
 garbage-first heap   total 373760K, used 323223K [0x0000000080000000, 0x0000000100000000)
  region size 1024K, 104 young (106496K), 1 survivors (1024K)
 Metaspace       used 156393K, capacity 162528K, committed 164568K, reserved 1191936K
  class space    used 18897K, capacity 21125K, committed 21720K, reserved 1048576K
}
Event: 8443.693 GC heap after
{Heap after GC invocations=256 (full 0):
 garbage-first heap   total 373760K, used 219304K [0x0000000080000000, 0x0000000100000000)
  region size 1024K, 12 young (12288K), 12 survivors (12288K)
 Metaspace       used 156393K, capacity 162528K, committed 164568K, reserved 1191936K
  class space    used 18897K, capacity 21125K, committed 21720K, reserved 1048576K
}
Event: 8443.724 GC heap before
{Heap before GC invocations=256 (full 0):
 garbage-first heap   total 373760K, used 225448K [0x0000000080000000, 0x0000000100000000)
  region size 1024K, 18 young (18432K), 12 survivors (12288K)
 Metaspace       used 156393K, capacity 162528K, committed 164568K, reserved 1191936K
  class space    used 18897K, capacity 21125K, committed 21720K, reserved 1048576K
}
Event: 8443.729 GC heap after
{Heap after GC invocations=257 (full 0):
 garbage-first heap   total 373760K, used 213190K [0x0000000080000000, 0x0000000100000000)
  region size 1024K, 2 young (2048K), 2 survivors (2048K)
 Metaspace       used 156393K, capacity 162528K, committed 164568K, reserved 1191936K
  class space    used 18897K, capacity 21125K, committed 21720K, reserved 1048576K
}
Event: 8443.822 GC heap before
{Heap before GC invocations=257 (full 0):
 garbage-first heap   total 373760K, used 230598K [0x0000000080000000, 0x0000000100000000)
  region size 1024K, 21 young (21504K), 2 survivors (2048K)
 Metaspace       used 156395K, capacity 162529K, committed 164568K, reserved 1191936K
  class space    used 18897K, capacity 21125K, committed 21720K, reserved 1048576K
}
Event: 8443.825 GC heap after
{Heap after GC invocations=258 (full 0):
 garbage-first heap   total 373760K, used 212538K [0x0000000080000000, 0x0000000100000000)
  region size 1024K, 1 young (1024K), 1 survivors (1024K)
 Metaspace       used 156395K, capacity 162529K, committed 164568K, reserved 1191936K
  class space    used 18897K, capacity 21125K, committed 21720K, reserved 1048576K
}
Event: 8615.830 GC heap before
{Heap before GC invocations=259 (full 0):
 garbage-first heap   total 373760K, used 324154K [0x0000000080000000, 0x0000000100000000)
  region size 1024K, 101 young (103424K), 1 survivors (1024K)
 Metaspace       used 156432K, capacity 162598K, committed 164568K, reserved 1191936K
  class space    used 18897K, capacity 21125K, committed 21720K, reserved 1048576K
}
Event: 8615.836 GC heap after
{Heap after GC invocations=260 (full 0):
 garbage-first heap   total 373760K, used 216861K [0x0000000080000000, 0x0000000100000000)
  region size 1024K, 6 young (6144K), 6 survivors (6144K)
 Metaspace       used 156432K, capacity 162598K, committed 164568K, reserved 1191936K
  class space    used 18897K, capacity 21125K, committed 21720K, reserved 1048576K
}
Event: 8615.876 GC heap before
{Heap before GC invocations=260 (full 0):
 garbage-first heap   total 373760K, used 228125K [0x0000000080000000, 0x0000000100000000)
  region size 1024K, 18 young (18432K), 6 survivors (6144K)
 Metaspace       used 156432K, capacity 162598K, committed 164568K, reserved 1191936K
  class space    used 18897K, capacity 21125K, committed 21720K, reserved 1048576K
}
Event: 8615.883 GC heap after
{Heap after GC invocations=261 (full 0):
 garbage-first heap   total 373760K, used 211844K [0x0000000080000000, 0x0000000100000000)
  region size 1024K, 2 young (2048K), 2 survivors (2048K)
 Metaspace       used 156432K, capacity 162598K, committed 164568K, reserved 1191936K
  class space    used 18897K, capacity 21125K, committed 21720K, reserved 1048576K
}
Event: 8615.977 GC heap before
{Heap before GC invocations=261 (full 0):
 garbage-first heap   total 373760K, used 222084K [0x0000000080000000, 0x0000000100000000)
  region size 1024K, 13 young (13312K), 2 survivors (2048K)
 Metaspace       used 156434K, capacity 162598K, committed 164568K, reserved 1191936K
  class space    used 18897K, capacity 21125K, committed 21720K, reserved 1048576K
}
Event: 8615.984 GC heap after
{Heap after GC invocations=262 (full 0):
 garbage-first heap   total 373760K, used 213341K [0x0000000080000000, 0x0000000100000000)
  region size 1024K, 3 young (3072K), 3 survivors (3072K)
 Metaspace       used 156434K, capacity 162598K, committed 164568K, reserved 1191936K
  class space    used 18897K, capacity 21125K, committed 21720K, reserved 1048576K
}

