# JRE version: OpenJDK Runtime Environment (11.0.15) (build 11.0.15+0-b2043.56-8887301)
# Java VM: OpenJDK 64-Bit Server VM (11.0.15+0-b2043.56-8887301, mixed mode, tiered, compressed oops, g1 gc, windows-amd64)
Heap:
 garbage-first heap   total 796672K, used 265454K [0x0000000080000000, 0x0000000100000000)
  region size 1024K, 3 young (3072K), 3 survivors (3072K)
 Metaspace       used 160189K, capacity 165187K, committed 165448K, reserved 1193984K
  class space    used 19671K, capacity 21474K, committed 21548K, reserved 1048576K
GC Heap History (20 events):
Event: 3200.473 GC heap after
{Heap after GC invocations=104 (full 0):
 garbage-first heap   total 315392K, used 208135K [0x0000000080000000, 0x0000000100000000)
  region size 1024K, 3 young (3072K), 3 survivors (3072K)
 Metaspace       used 157446K, capacity 162102K, committed 162760K, reserved 1191936K
  class space    used 19375K, capacity 21060K, committed 21420K, reserved 1048576K
}
Event: 3200.747 GC heap before
{Heap before GC invocations=105 (full 0):
 garbage-first heap   total 315392K, used 254215K [0x0000000080000000, 0x0000000100000000)
  region size 1024K, 51 young (52224K), 3 survivors (3072K)
 Metaspace       used 157671K, capacity 162366K, committed 163016K, reserved 1191936K
  class space    used 19392K, capacity 21075K, committed 21420K, reserved 1048576K
}
Event: 3200.752 GC heap after
{Heap after GC invocations=106 (full 0):
 garbage-first heap   total 315392K, used 211112K [0x0000000080000000, 0x0000000100000000)
  region size 1024K, 7 young (7168K), 7 survivors (7168K)
 Metaspace       used 157671K, capacity 162366K, committed 163016K, reserved 1191936K
  class space    used 19392K, capacity 21075K, committed 21420K, reserved 1048576K
}
Event: 3200.771 GC heap before
{Heap before GC invocations=106 (full 0):
 garbage-first heap   total 315392K, used 219304K [0x0000000080000000, 0x0000000100000000)
  region size 1024K, 15 young (15360K), 7 survivors (7168K)
 Metaspace       used 157723K, capacity 162373K, committed 163016K, reserved 1191936K
  class space    used 19397K, capacity 21076K, committed 21420K, reserved 1048576K
}
Event: 3200.778 GC heap after
{Heap after GC invocations=107 (full 0):
 garbage-first heap   total 394240K, used 208412K [0x0000000080000000, 0x0000000100000000)
  region size 1024K, 2 young (2048K), 2 survivors (2048K)
 Metaspace       used 157723K, capacity 162373K, committed 163016K, reserved 1191936K
  class space    used 19397K, capacity 21076K, committed 21420K, reserved 1048576K
}
Event: 3200.991 GC heap before
{Heap before GC invocations=107 (full 0):
 garbage-first heap   total 394240K, used 291355K [0x0000000080000000, 0x0000000100000000)
  region size 1024K, 84 young (86016K), 2 survivors (2048K)
 Metaspace       used 158073K, capacity 162847K, committed 163272K, reserved 1191936K
  class space    used 19450K, capacity 21165K, committed 21420K, reserved 1048576K
}
Event: 3200.996 GC heap after
{Heap after GC invocations=108 (full 0):
 garbage-first heap   total 394240K, used 210967K [0x0000000080000000, 0x0000000100000000)
  region size 1024K, 4 young (4096K), 4 survivors (4096K)
 Metaspace       used 158073K, capacity 162847K, committed 163272K, reserved 1191936K
  class space    used 19450K, capacity 21165K, committed 21420K, reserved 1048576K
}
Event: 3201.131 GC heap before
{Heap before GC invocations=108 (full 0):
 garbage-first heap   total 394240K, used 299031K [0x0000000080000000, 0x0000000100000000)
  region size 1024K, 91 young (93184K), 4 survivors (4096K)
 Metaspace       used 158448K, capacity 163230K, committed 163528K, reserved 1191936K
  class space    used 19494K, capacity 21206K, committed 21420K, reserved 1048576K
}
Event: 3201.136 GC heap after
{Heap after GC invocations=109 (full 0):
 garbage-first heap   total 394240K, used 218554K [0x0000000080000000, 0x0000000100000000)
  region size 1024K, 12 young (12288K), 12 survivors (12288K)
 Metaspace       used 158448K, capacity 163230K, committed 163528K, reserved 1191936K
  class space    used 19494K, capacity 21206K, committed 21420K, reserved 1048576K
}
Event: 3201.169 GC heap before
{Heap before GC invocations=110 (full 0):
 garbage-first heap   total 394240K, used 248250K [0x0000000080000000, 0x0000000100000000)
  region size 1024K, 42 young (43008K), 12 survivors (12288K)
 Metaspace       used 158631K, capacity 163419K, committed 163912K, reserved 1191936K
  class space    used 19527K, capacity 21248K, committed 21548K, reserved 1048576K
}
Event: 3201.174 GC heap after
{Heap after GC invocations=111 (full 0):
 garbage-first heap   total 394240K, used 218870K [0x0000000080000000, 0x0000000100000000)
  region size 1024K, 4 young (4096K), 4 survivors (4096K)
 Metaspace       used 158631K, capacity 163419K, committed 163912K, reserved 1191936K
  class space    used 19527K, capacity 21248K, committed 21548K, reserved 1048576K
}
Event: 3201.380 GC heap before
{Heap before GC invocations=112 (full 0):
 garbage-first heap   total 394240K, used 284406K [0x0000000080000000, 0x0000000100000000)
  region size 1024K, 68 young (69632K), 4 survivors (4096K)
 Metaspace       used 159137K, capacity 163945K, committed 164424K, reserved 1191936K
  class space    used 19578K, capacity 21297K, committed 21548K, reserved 1048576K
}
Event: 3201.395 GC heap after
{Heap after GC invocations=113 (full 0):
 garbage-first heap   total 471040K, used 223813K [0x0000000080000000, 0x0000000100000000)
  region size 1024K, 9 young (9216K), 9 survivors (9216K)
 Metaspace       used 159137K, capacity 163945K, committed 164424K, reserved 1191936K
  class space    used 19578K, capacity 21297K, committed 21548K, reserved 1048576K
}
Event: 3201.698 GC heap before
{Heap before GC invocations=114 (full 0):
 garbage-first heap   total 471040K, used 350789K [0x0000000080000000, 0x0000000100000000)
  region size 1024K, 132 young (135168K), 9 survivors (9216K)
 Metaspace       used 159768K, capacity 164672K, committed 164936K, reserved 1193984K
  class space    used 19653K, capacity 21418K, committed 21548K, reserved 1048576K
}
Event: 3201.711 GC heap after
{Heap after GC invocations=115 (full 0):
 garbage-first heap   total 471040K, used 240267K [0x0000000080000000, 0x0000000100000000)
  region size 1024K, 17 young (17408K), 17 survivors (17408K)
 Metaspace       used 159768K, capacity 164672K, committed 164936K, reserved 1193984K
  class space    used 19653K, capacity 21418K, committed 21548K, reserved 1048576K
}
Event: 3201.895 GC heap before
{Heap before GC invocations=115 (full 0):
 garbage-first heap   total 471040K, used 360075K [0x0000000080000000, 0x0000000100000000)
  region size 1024K, 135 young (138240K), 17 survivors (17408K)
 Metaspace       used 159983K, capacity 164923K, committed 165192K, reserved 1193984K
  class space    used 19659K, capacity 21453K, committed 21548K, reserved 1048576K
}
Event: 3201.932 GC heap after
{Heap after GC invocations=116 (full 0):
 garbage-first heap   total 471040K, used 254043K [0x0000000080000000, 0x0000000100000000)
  region size 1024K, 16 young (16384K), 16 survivors (16384K)
 Metaspace       used 159983K, capacity 164923K, committed 165192K, reserved 1193984K
  class space    used 19659K, capacity 21453K, committed 21548K, reserved 1048576K
}
Event: 3202.149 GC heap before
{Heap before GC invocations=117 (full 0):
 garbage-first heap   total 471040K, used 368731K [0x0000000080000000, 0x0000000100000000)
  region size 1024K, 129 young (132096K), 16 survivors (16384K)
 Metaspace       used 160189K, capacity 165187K, committed 165448K, reserved 1193984K
  class space    used 19671K, capacity 21474K, committed 21548K, reserved 1048576K
}
Event: 3202.163 GC heap after
{Heap after GC invocations=118 (full 0):
 garbage-first heap   total 471040K, used 265495K [0x0000000080000000, 0x0000000100000000)
  region size 1024K, 13 young (13312K), 13 survivors (13312K)
 Metaspace       used 160189K, capacity 165187K, committed 165448K, reserved 1193984K
  class space    used 19671K, capacity 21474K, committed 21548K, reserved 1048576K
}
Event: 3202.178 GC heap before
{Heap before GC invocations=118 (full 0):
 garbage-first heap   total 471040K, used 275735K [0x0000000080000000, 0x0000000100000000)
  region size 1024K, 23 young (23552K), 13 survivors (13312K)
 Metaspace       used 160189K, capacity 165187K, committed 165448K, reserved 1193984K
  class space    used 19671K, capacity 21474K, committed 21548K, reserved 1048576K
}

