# JRE version: OpenJDK Runtime Environment (11.0.15) (build 11.0.15+0-b2043.56-8887301)
# Java VM: OpenJDK 64-Bit Server VM (11.0.15+0-b2043.56-8887301, mixed mode, tiered, compressed oops, g1 gc, windows-amd64)
Heap:
 garbage-first heap   total 262144K, used 181420K [0x0000000080000000, 0x0000000100000000)
  region size 1024K, 26 young (26624K), 3 survivors (3072K)
 Metaspace       used 86954K, capacity 89552K, committed 89808K, reserved 1126400K
  class space    used 11371K, capacity 12307K, committed 12416K, reserved 1048576K
GC Heap History (20 events):
Event: 2.417 GC heap before
{Heap before GC invocations=4 (full 0):
 garbage-first heap   total 262144K, used 138888K [0x0000000080000000, 0x0000000100000000)
  region size 1024K, 105 young (107520K), 2 survivors (2048K)
 Metaspace       used 34715K, capacity 35750K, committed 35920K, reserved 1081344K
  class space    used 4666K, capacity 5044K, committed 5120K, reserved 1048576K
}
Event: 2.423 GC heap after
{Heap after GC invocations=5 (full 0):
 garbage-first heap   total 262144K, used 42255K [0x0000000080000000, 0x0000000100000000)
  region size 1024K, 10 young (10240K), 10 survivors (10240K)
 Metaspace       used 34715K, capacity 35750K, committed 35920K, reserved 1081344K
  class space    used 4666K, capacity 5044K, committed 5120K, reserved 1048576K
}
Event: 3.497 GC heap before
{Heap before GC invocations=6 (full 0):
 garbage-first heap   total 262144K, used 187663K [0x0000000080000000, 0x0000000100000000)
  region size 1024K, 129 young (132096K), 10 survivors (10240K)
 Metaspace       used 46616K, capacity 47947K, committed 48208K, reserved 1091584K
  class space    used 5877K, capacity 6366K, committed 6400K, reserved 1048576K
}
Event: 3.505 GC heap after
{Heap after GC invocations=7 (full 0):
 garbage-first heap   total 262144K, used 72152K [0x0000000080000000, 0x0000000100000000)
  region size 1024K, 17 young (17408K), 17 survivors (17408K)
 Metaspace       used 46616K, capacity 47947K, committed 48208K, reserved 1091584K
  class space    used 5877K, capacity 6366K, committed 6400K, reserved 1048576K
}
Event: 4.336 GC heap before
{Heap before GC invocations=7 (full 0):
 garbage-first heap   total 262144K, used 201176K [0x0000000080000000, 0x0000000100000000)
  region size 1024K, 136 young (139264K), 17 survivors (17408K)
 Metaspace       used 52428K, capacity 53989K, committed 54096K, reserved 1095680K
  class space    used 6735K, capacity 7328K, committed 7424K, reserved 1048576K
}
Event: 4.346 GC heap after
{Heap after GC invocations=8 (full 0):
 garbage-first heap   total 262144K, used 91923K [0x0000000080000000, 0x0000000100000000)
  region size 1024K, 12 young (12288K), 12 survivors (12288K)
 Metaspace       used 52428K, capacity 53989K, committed 54096K, reserved 1095680K
  class space    used 6735K, capacity 7328K, committed 7424K, reserved 1048576K
}
Event: 4.708 GC heap before
{Heap before GC invocations=8 (full 0):
 garbage-first heap   total 262144K, used 139027K [0x0000000080000000, 0x0000000100000000)
  region size 1024K, 59 young (60416K), 12 survivors (12288K)
 Metaspace       used 58474K, capacity 60156K, committed 60240K, reserved 1101824K
  class space    used 7474K, capacity 8167K, committed 8192K, reserved 1048576K
}
Event: 4.717 GC heap after
{Heap after GC invocations=9 (full 0):
 garbage-first heap   total 262144K, used 94233K [0x0000000080000000, 0x0000000100000000)
  region size 1024K, 3 young (3072K), 3 survivors (3072K)
 Metaspace       used 58474K, capacity 60156K, committed 60240K, reserved 1101824K
  class space    used 7474K, capacity 8167K, committed 8192K, reserved 1048576K
}
Event: 5.561 GC heap before
{Heap before GC invocations=10 (full 0):
 garbage-first heap   total 262144K, used 208921K [0x0000000080000000, 0x0000000100000000)
  region size 1024K, 108 young (110592K), 3 survivors (3072K)
 Metaspace       used 66980K, capacity 68804K, committed 69072K, reserved 1110016K
  class space    used 8588K, capacity 9329K, committed 9344K, reserved 1048576K
}
Event: 5.566 GC heap after
{Heap after GC invocations=11 (full 0):
 garbage-first heap   total 262144K, used 101319K [0x0000000080000000, 0x0000000100000000)
  region size 1024K, 10 young (10240K), 10 survivors (10240K)
 Metaspace       used 66980K, capacity 68804K, committed 69072K, reserved 1110016K
  class space    used 8588K, capacity 9329K, committed 9344K, reserved 1048576K
}
Event: 6.349 GC heap before
{Heap before GC invocations=11 (full 0):
 garbage-first heap   total 262144K, used 214983K [0x0000000080000000, 0x0000000100000000)
  region size 1024K, 101 young (103424K), 10 survivors (10240K)
 Metaspace       used 74443K, capacity 76440K, committed 76752K, reserved 1116160K
  class space    used 9747K, capacity 10515K, committed 10624K, reserved 1048576K
}
Event: 6.366 GC heap after
{Heap after GC invocations=12 (full 0):
 garbage-first heap   total 262144K, used 132762K [0x0000000080000000, 0x0000000100000000)
  region size 1024K, 9 young (9216K), 9 survivors (9216K)
 Metaspace       used 74443K, capacity 76440K, committed 76752K, reserved 1116160K
  class space    used 9747K, capacity 10515K, committed 10624K, reserved 1048576K
}
Event: 6.459 GC heap before
{Heap before GC invocations=13 (full 0):
 garbage-first heap   total 262144K, used 139930K [0x0000000080000000, 0x0000000100000000)
  region size 1024K, 12 young (12288K), 9 survivors (9216K)
 Metaspace       used 74426K, capacity 76410K, committed 76752K, reserved 1116160K
  class space    used 9742K, capacity 10505K, committed 10624K, reserved 1048576K
}
Event: 6.469 GC heap after
{Heap after GC invocations=14 (full 0):
 garbage-first heap   total 262144K, used 140939K [0x0000000080000000, 0x0000000100000000)
  region size 1024K, 3 young (3072K), 3 survivors (3072K)
 Metaspace       used 74426K, capacity 76410K, committed 76752K, reserved 1116160K
  class space    used 9742K, capacity 10505K, committed 10624K, reserved 1048576K
}
Event: 6.846 GC heap before
{Heap before GC invocations=15 (full 0):
 garbage-first heap   total 262144K, used 216715K [0x0000000080000000, 0x0000000100000000)
  region size 1024K, 65 young (66560K), 3 survivors (3072K)
 Metaspace       used 77286K, capacity 79532K, committed 79696K, reserved 1118208K
  class space    used 10150K, capacity 10997K, committed 11008K, reserved 1048576K
}
Event: 6.850 GC heap after
{Heap after GC invocations=16 (full 0):
 garbage-first heap   total 262144K, used 156224K [0x0000000080000000, 0x0000000100000000)
  region size 1024K, 6 young (6144K), 6 survivors (6144K)
 Metaspace       used 77286K, capacity 79532K, committed 79696K, reserved 1118208K
  class space    used 10150K, capacity 10997K, committed 11008K, reserved 1048576K
}
Event: 6.950 GC heap before
{Heap before GC invocations=16 (full 0):
 garbage-first heap   total 262144K, used 191040K [0x0000000080000000, 0x0000000100000000)
  region size 1024K, 42 young (43008K), 6 survivors (6144K)
 Metaspace       used 78456K, capacity 80753K, committed 80976K, reserved 1120256K
  class space    used 10286K, capacity 11164K, committed 11264K, reserved 1048576K
}
Event: 6.953 GC heap after
{Heap after GC invocations=17 (full 0):
 garbage-first heap   total 262144K, used 157479K [0x0000000080000000, 0x0000000100000000)
  region size 1024K, 5 young (5120K), 5 survivors (5120K)
 Metaspace       used 78456K, capacity 80753K, committed 80976K, reserved 1120256K
  class space    used 10286K, capacity 11164K, committed 11264K, reserved 1048576K
}
Event: 7.394 GC heap before
{Heap before GC invocations=18 (full 0):
 garbage-first heap   total 262144K, used 208679K [0x0000000080000000, 0x0000000100000000)
  region size 1024K, 54 young (55296K), 5 survivors (5120K)
 Metaspace       used 85109K, capacity 87602K, committed 87632K, reserved 1124352K
  class space    used 11111K, capacity 12026K, committed 12032K, reserved 1048576K
}
Event: 7.397 GC heap after
{Heap after GC invocations=19 (full 0):
 garbage-first heap   total 262144K, used 158892K [0x0000000080000000, 0x0000000100000000)
  region size 1024K, 3 young (3072K), 3 survivors (3072K)
 Metaspace       used 85109K, capacity 87602K, committed 87632K, reserved 1124352K
  class space    used 11111K, capacity 12026K, committed 12032K, reserved 1048576K
}

