# JRE version: OpenJDK Runtime Environment (11.0.15) (build 11.0.15+0-b2043.56-8887301)
# Java VM: OpenJDK 64-Bit Server VM (11.0.15+0-b2043.56-8887301, mixed mode, tiered, compressed oops, g1 gc, windows-amd64)
Heap:
 garbage-first heap   total 346112K, used 189743K [0x0000000080000000, 0x0000000100000000)
  region size 1024K, 5 young (5120K), 5 survivors (5120K)
 Metaspace       used 108664K, capacity 111669K, committed 111772K, reserved 1146880K
  class space    used 13934K, capacity 15057K, committed 15084K, reserved 1048576K
GC Heap History (20 events):
Event: 9.157 GC heap after
{Heap after GC invocations=16 (full 0):
 garbage-first heap   total 262144K, used 109568K [0x0000000080000000, 0x0000000100000000)
  region size 1024K, 6 young (6144K), 6 survivors (6144K)
 Metaspace       used 94312K, capacity 97112K, committed 97328K, reserved 1134592K
  class space    used 12043K, capacity 13097K, committed 13184K, reserved 1048576K
}
Event: 9.564 GC heap before
{Heap before GC invocations=16 (full 0):
 garbage-first heap   total 262144K, used 201728K [0x0000000080000000, 0x0000000100000000)
  region size 1024K, 97 young (99328K), 6 survivors (6144K)
 Metaspace       used 96921K, capacity 99577K, committed 99632K, reserved 1136640K
  class space    used 12344K, capacity 13399K, committed 13440K, reserved 1048576K
}
Event: 9.568 GC heap after
{Heap after GC invocations=17 (full 0):
 garbage-first heap   total 262144K, used 110768K [0x0000000080000000, 0x0000000100000000)
  region size 1024K, 8 young (8192K), 8 survivors (8192K)
 Metaspace       used 96921K, capacity 99577K, committed 99632K, reserved 1136640K
  class space    used 12344K, capacity 13399K, committed 13440K, reserved 1048576K
}
Event: 9.591 GC heap before
{Heap before GC invocations=17 (full 0):
 garbage-first heap   total 262144K, used 113840K [0x0000000080000000, 0x0000000100000000)
  region size 1024K, 12 young (12288K), 8 survivors (8192K)
 Metaspace       used 97208K, capacity 99865K, committed 99888K, reserved 1136640K
  class space    used 12380K, capacity 13431K, committed 13440K, reserved 1048576K
}
Event: 9.594 GC heap after
{Heap after GC invocations=18 (full 0):
 garbage-first heap   total 262144K, used 110554K [0x0000000080000000, 0x0000000100000000)
  region size 1024K, 7 young (7168K), 7 survivors (7168K)
 Metaspace       used 97208K, capacity 99865K, committed 99888K, reserved 1136640K
  class space    used 12380K, capacity 13431K, committed 13440K, reserved 1048576K
}
Event: 10.222 GC heap before
{Heap before GC invocations=19 (full 0):
 garbage-first heap   total 262144K, used 192474K [0x0000000080000000, 0x0000000100000000)
  region size 1024K, 103 young (105472K), 7 survivors (7168K)
 Metaspace       used 100683K, capacity 103280K, committed 103708K, reserved 1138688K
  class space    used 12718K, capacity 13742K, committed 13932K, reserved 1048576K
}
Event: 10.239 GC heap after
{Heap after GC invocations=20 (full 0):
 garbage-first heap   total 262144K, used 97929K [0x0000000080000000, 0x0000000100000000)
  region size 1024K, 10 young (10240K), 10 survivors (10240K)
 Metaspace       used 100683K, capacity 103280K, committed 103708K, reserved 1138688K
  class space    used 12718K, capacity 13742K, committed 13932K, reserved 1048576K
}
Event: 10.243 GC heap before
{Heap before GC invocations=20 (full 0):
 garbage-first heap   total 262144K, used 98953K [0x0000000080000000, 0x0000000100000000)
  region size 1024K, 12 young (12288K), 10 survivors (10240K)
 Metaspace       used 100695K, capacity 103344K, committed 103708K, reserved 1138688K
  class space    used 12718K, capacity 13742K, committed 13932K, reserved 1048576K
}
Event: 10.248 GC heap after
{Heap after GC invocations=21 (full 0):
 garbage-first heap   total 262144K, used 95570K [0x0000000080000000, 0x0000000100000000)
  region size 1024K, 2 young (2048K), 2 survivors (2048K)
 Metaspace       used 100695K, capacity 103344K, committed 103708K, reserved 1138688K
  class space    used 12718K, capacity 13742K, committed 13932K, reserved 1048576K
}
Event: 10.577 GC heap before
{Heap before GC invocations=21 (full 0):
 garbage-first heap   total 262144K, used 217426K [0x0000000080000000, 0x0000000100000000)
  region size 1024K, 107 young (109568K), 2 survivors (2048K)
 Metaspace       used 104609K, capacity 107420K, committed 107548K, reserved 1142784K
  class space    used 13247K, capacity 14325K, committed 14444K, reserved 1048576K
}
Event: 10.585 GC heap after
{Heap after GC invocations=22 (full 0):
 garbage-first heap   total 262144K, used 118982K [0x0000000080000000, 0x0000000100000000)
  region size 1024K, 13 young (13312K), 13 survivors (13312K)
 Metaspace       used 104609K, capacity 107420K, committed 107548K, reserved 1142784K
  class space    used 13247K, capacity 14325K, committed 14444K, reserved 1048576K
}
Event: 10.713 GC heap before
{Heap before GC invocations=23 (full 0):
 garbage-first heap   total 262144K, used 189638K [0x0000000080000000, 0x0000000100000000)
  region size 1024K, 64 young (65536K), 13 survivors (13312K)
 Metaspace       used 105236K, capacity 108009K, committed 108188K, reserved 1142784K
  class space    used 13346K, capacity 14437K, committed 14572K, reserved 1048576K
}
Event: 10.735 GC heap after
{Heap after GC invocations=24 (full 0):
 garbage-first heap   total 262144K, used 135898K [0x0000000080000000, 0x0000000100000000)
  region size 1024K, 10 young (10240K), 10 survivors (10240K)
 Metaspace       used 105236K, capacity 108009K, committed 108188K, reserved 1142784K
  class space    used 13346K, capacity 14437K, committed 14572K, reserved 1048576K
}
Event: 10.878 GC heap before
{Heap before GC invocations=25 (full 0):
 garbage-first heap   total 262144K, used 163546K [0x0000000080000000, 0x0000000100000000)
  region size 1024K, 36 young (36864K), 10 survivors (10240K)
 Metaspace       used 105435K, capacity 108292K, committed 108444K, reserved 1142784K
  class space    used 13352K, capacity 14444K, committed 14572K, reserved 1048576K
}
Event: 10.888 GC heap after
{Heap after GC invocations=26 (full 0):
 garbage-first heap   total 262144K, used 144366K [0x0000000080000000, 0x0000000100000000)
  region size 1024K, 10 young (10240K), 10 survivors (10240K)
 Metaspace       used 105435K, capacity 108292K, committed 108444K, reserved 1142784K
  class space    used 13352K, capacity 14444K, committed 14572K, reserved 1048576K
}
Event: 11.225 GC heap before
{Heap before GC invocations=27 (full 0):
 garbage-first heap   total 262144K, used 213998K [0x0000000080000000, 0x0000000100000000)
  region size 1024K, 76 young (77824K), 10 survivors (10240K)
 Metaspace       used 108561K, capacity 111589K, committed 111772K, reserved 1146880K
  class space    used 13923K, capacity 15052K, committed 15084K, reserved 1048576K
}
Event: 11.247 GC heap after
{Heap after GC invocations=28 (full 0):
 garbage-first heap   total 262144K, used 171764K [0x0000000080000000, 0x0000000100000000)
  region size 1024K, 10 young (10240K), 10 survivors (10240K)
 Metaspace       used 108561K, capacity 111589K, committed 111772K, reserved 1146880K
  class space    used 13923K, capacity 15052K, committed 15084K, reserved 1048576K
}
Event: 11.259 GC heap before
{Heap before GC invocations=28 (full 0):
 garbage-first heap   total 262144K, used 173812K [0x0000000080000000, 0x0000000100000000)
  region size 1024K, 12 young (12288K), 10 survivors (10240K)
 Metaspace       used 108568K, capacity 111590K, committed 111772K, reserved 1146880K
  class space    used 13923K, capacity 15052K, committed 15084K, reserved 1048576K
}
Event: 11.270 GC heap after
{Heap after GC invocations=29 (full 0):
 garbage-first heap   total 262144K, used 173903K [0x0000000080000000, 0x0000000100000000)
  region size 1024K, 2 young (2048K), 2 survivors (2048K)
 Metaspace       used 108568K, capacity 111590K, committed 111772K, reserved 1146880K
  class space    used 13923K, capacity 15052K, committed 15084K, reserved 1048576K
}
Event: 11.346 GC heap before
{Heap before GC invocations=29 (full 0):
 garbage-first heap   total 262144K, used 207695K [0x0000000080000000, 0x0000000100000000)
  region size 1024K, 36 young (36864K), 2 survivors (2048K)
 Metaspace       used 108664K, capacity 111669K, committed 111772K, reserved 1146880K
  class space    used 13934K, capacity 15057K, committed 15084K, reserved 1048576K
}

